<?xml version="1.0" encoding="UTF-8"?>
<!-- Generated by org.testng.reporters.JUnitReportReporter -->
<testsuite skipped="0" hostname="Surakshitha" name="gitTest.DemoGit" tests="1" failures="0" timestamp="16 Dec 2021 06:03:10 GMT" time="0.045" errors="0">
  <testcase name="demoGit" time="0.045" classname="gitTest.DemoGit"/>
</testsuite> <!-- gitTest.DemoGit -->
